{"/home/runner/work/personal-inventory-tracker/personal-inventory-tracker/src/admin.js": {"path":"/home/runner/work/personal-inventory-tracker/personal-inventory-tracker/src/admin.js","statementMap":{"0":{"start":{"line":4,"column":0},"end":{"line":7,"column":1}},"1":{"start":{"line":5,"column":2},"end":{"line":5,"column":62}},"2":{"start":{"line":6,"column":2},"end":{"line":6,"column":46}}},"fnMap":{},"branchMap":{"0":{"loc":{"start":{"line":4,"column":0},"end":{"line":7,"column":1}},"type":"if","locations":[{"start":{"line":4,"column":0},"end":{"line":7,"column":1}},{"start":{},"end":{}}],"line":4}},"s":{"0":0,"1":0,"2":0},"f":{},"b":{"0":[0,0]}}
,"/home/runner/work/personal-inventory-tracker/personal-inventory-tracker/src/analytics.jsx": {"path":"/home/runner/work/personal-inventory-tracker/personal-inventory-tracker/src/analytics.jsx","statementMap":{"0":{"start":{"line":5,"column":18},"end":{"line":5,"column":58}},"1":{"start":{"line":7,"column":0},"end":{"line":10,"column":1}},"2":{"start":{"line":8,"column":15},"end":{"line":8,"column":36}},"3":{"start":{"line":9,"column":2},"end":{"line":9,"column":48}}},"fnMap":{},"branchMap":{"0":{"loc":{"start":{"line":7,"column":0},"end":{"line":10,"column":1}},"type":"if","locations":[{"start":{"line":7,"column":0},"end":{"line":10,"column":1}},{"start":{},"end":{}}],"line":7}},"s":{"0":0,"1":0,"2":0,"3":0},"f":{},"b":{"0":[0,0]}}
,"/home/runner/work/personal-inventory-tracker/personal-inventory-tracker/src/app.js": {"path":"/home/runner/work/personal-inventory-tracker/personal-inventory-tracker/src/app.js","statementMap":{"0":{"start":{"line":4,"column":0},"end":{"line":7,"column":1}},"1":{"start":{"line":5,"column":2},"end":{"line":5,"column":57}},"2":{"start":{"line":6,"column":2},"end":{"line":6,"column":41}}},"fnMap":{},"branchMap":{"0":{"loc":{"start":{"line":4,"column":0},"end":{"line":7,"column":1}},"type":"if","locations":[{"start":{"line":4,"column":0},"end":{"line":7,"column":1}},{"start":{},"end":{}}],"line":4}},"s":{"0":0,"1":0,"2":0},"f":{},"b":{"0":[0,0]}}
,"/home/runner/work/personal-inventory-tracker/personal-inventory-tracker/src/frontend-app.jsx": {"path":"/home/runner/work/personal-inventory-tracker/personal-inventory-tracker/src/frontend-app.jsx","statementMap":{"0":{"start":{"line":5,"column":18},"end":{"line":5,"column":61}},"1":{"start":{"line":7,"column":0},"end":{"line":10,"column":1}},"2":{"start":{"line":8,"column":15},"end":{"line":8,"column":36}},"3":{"start":{"line":9,"column":2},"end":{"line":9,"column":32}}},"fnMap":{},"branchMap":{"0":{"loc":{"start":{"line":7,"column":0},"end":{"line":10,"column":1}},"type":"if","locations":[{"start":{"line":7,"column":0},"end":{"line":10,"column":1}},{"start":{},"end":{}}],"line":7}},"s":{"0":0,"1":0,"2":0,"3":0},"f":{},"b":{"0":[0,0]}}
,"/home/runner/work/personal-inventory-tracker/personal-inventory-tracker/src/ocr-scanner.jsx": {"path":"/home/runner/work/personal-inventory-tracker/personal-inventory-tracker/src/ocr-scanner.jsx","statementMap":{"0":{"start":{"line":5,"column":18},"end":{"line":5,"column":60}},"1":{"start":{"line":7,"column":0},"end":{"line":11,"column":1}},"2":{"start":{"line":8,"column":15},"end":{"line":8,"column":36}},"3":{"start":{"line":9,"column":16},"end":{"line":9,"column":42}},"4":{"start":{"line":10,"column":2},"end":{"line":10,"column":48}}},"fnMap":{},"branchMap":{"0":{"loc":{"start":{"line":7,"column":0},"end":{"line":11,"column":1}},"type":"if","locations":[{"start":{"line":7,"column":0},"end":{"line":11,"column":1}},{"start":{},"end":{}}],"line":7},"1":{"loc":{"start":{"line":9,"column":16},"end":{"line":9,"column":42}},"type":"binary-expr","locations":[{"start":{"line":9,"column":16},"end":{"line":9,"column":36}},{"start":{"line":9,"column":40},"end":{"line":9,"column":42}}],"line":9}},"s":{"0":0,"1":0,"2":0,"3":0,"4":0},"f":{},"b":{"0":[0,0],"1":[0,0]}}
,"/home/runner/work/personal-inventory-tracker/personal-inventory-tracker/src/ocr.js": {"path":"/home/runner/work/personal-inventory-tracker/personal-inventory-tracker/src/ocr.js","statementMap":{"0":{"start":{"line":4,"column":2},"end":{"line":9,"column":3}},"1":{"start":{"line":6,"column":6},"end":{"line":7,"column":28}},"2":{"start":{"line":8,"column":4},"end":{"line":8,"column":35}},"3":{"start":{"line":10,"column":2},"end":{"line":10,"column":26}},"4":{"start":{"line":21,"column":2},"end":{"line":24,"column":3}},"5":{"start":{"line":22,"column":4},"end":{"line":22,"column":67}},"6":{"start":{"line":23,"column":4},"end":{"line":23,"column":14}},"7":{"start":{"line":25,"column":2},"end":{"line":42,"column":3}},"8":{"start":{"line":26,"column":22},"end":{"line":26,"column":43}},"9":{"start":{"line":27,"column":21},"end":{"line":27,"column":60}},"10":{"start":{"line":28,"column":4},"end":{"line":33,"column":10}},"11":{"start":{"line":29,"column":22},"end":{"line":29,"column":54}},"12":{"start":{"line":30,"column":20},"end":{"line":33,"column":7}},"13":{"start":{"line":35,"column":4},"end":{"line":35,"column":57}},"14":{"start":{"line":37,"column":4},"end":{"line":41,"column":6}},"15":{"start":{"line":52,"column":2},"end":{"line":55,"column":3}},"16":{"start":{"line":53,"column":4},"end":{"line":53,"column":58}},"17":{"start":{"line":54,"column":4},"end":{"line":54,"column":11}},"18":{"start":{"line":57,"column":2},"end":{"line":60,"column":3}},"19":{"start":{"line":58,"column":4},"end":{"line":58,"column":63}},"20":{"start":{"line":59,"column":4},"end":{"line":59,"column":11}},"21":{"start":{"line":62,"column":2},"end":{"line":68,"column":5}},"22":{"start":{"line":63,"column":19},"end":{"line":63,"column":30}},"23":{"start":{"line":64,"column":4},"end":{"line":67,"column":5}},"24":{"start":{"line":65,"column":20},"end":{"line":65,"column":69}},"25":{"start":{"line":66,"column":6},"end":{"line":66,"column":22}}},"fnMap":{"0":{"name":"loadTesseract","decl":{"start":{"line":3,"column":16},"end":{"line":3,"column":29}},"loc":{"start":{"line":3,"column":32},"end":{"line":11,"column":1}},"line":3},"1":{"name":"extractItemSuggestions","decl":{"start":{"line":20,"column":22},"end":{"line":20,"column":44}},"loc":{"start":{"line":20,"column":72},"end":{"line":43,"column":1}},"line":20},"2":{"name":"(anonymous_2)","decl":{"start":{"line":29,"column":14},"end":{"line":29,"column":15}},"loc":{"start":{"line":29,"column":22},"end":{"line":29,"column":54}},"line":29},"3":{"name":"(anonymous_3)","decl":{"start":{"line":30,"column":11},"end":{"line":30,"column":12}},"loc":{"start":{"line":30,"column":20},"end":{"line":33,"column":7}},"line":30},"4":{"name":"bindOcrToInput","decl":{"start":{"line":51,"column":16},"end":{"line":51,"column":30}},"loc":{"start":{"line":51,"column":68},"end":{"line":69,"column":1}},"line":51},"5":{"name":"(anonymous_5)","decl":{"start":{"line":62,"column":35},"end":{"line":62,"column":36}},"loc":{"start":{"line":62,"column":47},"end":{"line":68,"column":3}},"line":62}},"branchMap":{"0":{"loc":{"start":{"line":4,"column":2},"end":{"line":9,"column":3}},"type":"if","locations":[{"start":{"line":4,"column":2},"end":{"line":9,"column":3}},{"start":{},"end":{}}],"line":4},"1":{"loc":{"start":{"line":6,"column":7},"end":{"line":6,"column":83}},"type":"cond-expr","locations":[{"start":{"line":6,"column":56},"end":{"line":6,"column":78}},{"start":{"line":6,"column":81},"end":{"line":6,"column":83}}],"line":6},"2":{"loc":{"start":{"line":6,"column":7},"end":{"line":6,"column":53}},"type":"binary-expr","locations":[{"start":{"line":6,"column":7},"end":{"line":6,"column":36}},{"start":{"line":6,"column":40},"end":{"line":6,"column":53}}],"line":6},"3":{"loc":{"start":{"line":20,"column":52},"end":{"line":20,"column":70}},"type":"default-arg","locations":[{"start":{"line":20,"column":68},"end":{"line":20,"column":70}}],"line":20},"4":{"loc":{"start":{"line":21,"column":2},"end":{"line":24,"column":3}},"type":"if","locations":[{"start":{"line":21,"column":2},"end":{"line":24,"column":3}},{"start":{},"end":{}}],"line":21},"5":{"loc":{"start":{"line":51,"column":48},"end":{"line":51,"column":66}},"type":"default-arg","locations":[{"start":{"line":51,"column":64},"end":{"line":51,"column":66}}],"line":51},"6":{"loc":{"start":{"line":52,"column":2},"end":{"line":55,"column":3}},"type":"if","locations":[{"start":{"line":52,"column":2},"end":{"line":55,"column":3}},{"start":{},"end":{}}],"line":52},"7":{"loc":{"start":{"line":57,"column":2},"end":{"line":60,"column":3}},"type":"if","locations":[{"start":{"line":57,"column":2},"end":{"line":60,"column":3}},{"start":{},"end":{}}],"line":57},"8":{"loc":{"start":{"line":57,"column":6},"end":{"line":57,"column":60}},"type":"binary-expr","locations":[{"start":{"line":57,"column":6},"end":{"line":57,"column":12}},{"start":{"line":57,"column":16},"end":{"line":57,"column":60}}],"line":57},"9":{"loc":{"start":{"line":64,"column":4},"end":{"line":67,"column":5}},"type":"if","locations":[{"start":{"line":64,"column":4},"end":{"line":67,"column":5}},{"start":{},"end":{}}],"line":64}},"s":{"0":5,"1":2,"2":2,"3":5,"4":4,"5":0,"6":0,"7":4,"8":4,"9":0,"10":0,"11":0,"12":0,"13":4,"14":4,"15":1,"16":0,"17":0,"18":1,"19":1,"20":1,"21":0,"22":0,"23":0,"24":0,"25":0},"f":{"0":5,"1":4,"2":0,"3":0,"4":1,"5":0},"b":{"0":[2,3],"1":[1,1],"2":[2,2],"3":[4],"4":[0,4],"5":[1],"6":[0,1],"7":[1,0],"8":[1,0],"9":[0,0]},"_coverageSchema":"1a1c01bbd47fc00a2c39e90264f33305004495a9","hash":"2f4d5c3284621415d19dabf212ca63626df49d1a"}
,"/home/runner/work/personal-inventory-tracker/personal-inventory-tracker/src/shopping-list.jsx": {"path":"/home/runner/work/personal-inventory-tracker/personal-inventory-tracker/src/shopping-list.jsx","statementMap":{"0":{"start":{"line":5,"column":18},"end":{"line":5,"column":62}},"1":{"start":{"line":7,"column":0},"end":{"line":10,"column":1}},"2":{"start":{"line":8,"column":15},"end":{"line":8,"column":36}},"3":{"start":{"line":9,"column":2},"end":{"line":9,"column":36}}},"fnMap":{},"branchMap":{"0":{"loc":{"start":{"line":7,"column":0},"end":{"line":10,"column":1}},"type":"if","locations":[{"start":{"line":7,"column":0},"end":{"line":10,"column":1}},{"start":{},"end":{}}],"line":7}},"s":{"0":0,"1":0,"2":0,"3":0},"f":{},"b":{"0":[0,0]}}
,"/home/runner/work/personal-inventory-tracker/personal-inventory-tracker/src/components/AnalyticsView.jsx": {"path":"/home/runner/work/personal-inventory-tracker/personal-inventory-tracker/src/components/AnalyticsView.jsx","statementMap":{"0":{"start":{"line":6,"column":22},"end":{"line":139,"column":1}},"1":{"start":{"line":7,"column":46},"end":{"line":7,"column":67}},"2":{"start":{"line":8,"column":28},"end":{"line":8,"column":40}},"3":{"start":{"line":9,"column":19},"end":{"line":9,"column":31}},"4":{"start":{"line":11,"column":2},"end":{"line":27,"column":18}},"5":{"start":{"line":12,"column":22},"end":{"line":25,"column":5}},"6":{"start":{"line":13,"column":6},"end":{"line":24,"column":7}},"7":{"start":{"line":14,"column":25},"end":{"line":17,"column":9}},"8":{"start":{"line":18,"column":8},"end":{"line":21,"column":9}},"9":{"start":{"line":19,"column":23},"end":{"line":19,"column":44}},"10":{"start":{"line":20,"column":10},"end":{"line":20,"column":31}},"11":{"start":{"line":26,"column":4},"end":{"line":26,"column":16}},"12":{"start":{"line":30,"column":21},"end":{"line":33,"column":3}},"13":{"start":{"line":31,"column":10},"end":{"line":31,"column":64}},"14":{"start":{"line":36,"column":22},"end":{"line":39,"column":3}},"15":{"start":{"line":37,"column":10},"end":{"line":37,"column":75}},"16":{"start":{"line":37,"column":31},"end":{"line":37,"column":74}},"17":{"start":{"line":41,"column":18},"end":{"line":60,"column":3}},"18":{"start":{"line":42,"column":11},"end":{"line":58,"column":5}},"19":{"start":{"line":46,"column":22},"end":{"line":46,"column":26}},"20":{"start":{"line":51,"column":24},"end":{"line":51,"column":57}},"21":{"start":{"line":56,"column":24},"end":{"line":56,"column":73}},"22":{"start":{"line":62,"column":24},"end":{"line":65,"column":44}},"23":{"start":{"line":63,"column":19},"end":{"line":63,"column":42}},"24":{"start":{"line":64,"column":4},"end":{"line":64,"column":59}},"25":{"start":{"line":64,"column":38},"end":{"line":64,"column":57}},"26":{"start":{"line":67,"column":2},"end":{"line":89,"column":29}},"27":{"start":{"line":69,"column":4},"end":{"line":87,"column":5}},"28":{"start":{"line":70,"column":6},"end":{"line":86,"column":9}},"29":{"start":{"line":88,"column":4},"end":{"line":88,"column":42}},"30":{"start":{"line":88,"column":17},"end":{"line":88,"column":41}},"31":{"start":{"line":91,"column":2},"end":{"line":138,"column":4}},"32":{"start":{"line":95,"column":23},"end":{"line":95,"column":34}},"33":{"start":{"line":96,"column":25},"end":{"line":96,"column":47}},"34":{"start":{"line":97,"column":10},"end":{"line":109,"column":12}},"35":{"start":{"line":100,"column":29},"end":{"line":100,"column":51}},"36":{"start":{"line":116,"column":12},"end":{"line":133,"column":17}},"37":{"start":{"line":142,"column":0},"end":{"line":144,"column":2}},"38":{"start":{"line":146,"column":0},"end":{"line":148,"column":2}}},"fnMap":{"0":{"name":"(anonymous_0)","decl":{"start":{"line":6,"column":22},"end":{"line":6,"column":23}},"loc":{"start":{"line":6,"column":46},"end":{"line":139,"column":1}},"line":6},"1":{"name":"(anonymous_1)","decl":{"start":{"line":11,"column":12},"end":{"line":11,"column":13}},"loc":{"start":{"line":11,"column":18},"end":{"line":27,"column":3}},"line":11},"2":{"name":"(anonymous_2)","decl":{"start":{"line":12,"column":22},"end":{"line":12,"column":23}},"loc":{"start":{"line":12,"column":34},"end":{"line":25,"column":5}},"line":12},"3":{"name":"(anonymous_3)","decl":{"start":{"line":31,"column":4},"end":{"line":31,"column":5}},"loc":{"start":{"line":31,"column":10},"end":{"line":31,"column":64}},"line":31},"4":{"name":"(anonymous_4)","decl":{"start":{"line":37,"column":4},"end":{"line":37,"column":5}},"loc":{"start":{"line":37,"column":10},"end":{"line":37,"column":75}},"line":37},"5":{"name":"(anonymous_5)","decl":{"start":{"line":37,"column":23},"end":{"line":37,"column":24}},"loc":{"start":{"line":37,"column":31},"end":{"line":37,"column":74}},"line":37},"6":{"name":"(anonymous_6)","decl":{"start":{"line":42,"column":4},"end":{"line":42,"column":5}},"loc":{"start":{"line":42,"column":11},"end":{"line":58,"column":5}},"line":42},"7":{"name":"(anonymous_7)","decl":{"start":{"line":46,"column":16},"end":{"line":46,"column":17}},"loc":{"start":{"line":46,"column":22},"end":{"line":46,"column":26}},"line":46},"8":{"name":"(anonymous_8)","decl":{"start":{"line":51,"column":16},"end":{"line":51,"column":17}},"loc":{"start":{"line":51,"column":24},"end":{"line":51,"column":57}},"line":51},"9":{"name":"(anonymous_9)","decl":{"start":{"line":56,"column":16},"end":{"line":56,"column":17}},"loc":{"start":{"line":56,"column":24},"end":{"line":56,"column":73}},"line":56},"10":{"name":"(anonymous_10)","decl":{"start":{"line":62,"column":32},"end":{"line":62,"column":33}},"loc":{"start":{"line":62,"column":38},"end":{"line":65,"column":3}},"line":62},"11":{"name":"(anonymous_11)","decl":{"start":{"line":64,"column":30},"end":{"line":64,"column":31}},"loc":{"start":{"line":64,"column":38},"end":{"line":64,"column":57}},"line":64},"12":{"name":"(anonymous_12)","decl":{"start":{"line":67,"column":12},"end":{"line":67,"column":13}},"loc":{"start":{"line":67,"column":18},"end":{"line":89,"column":3}},"line":67},"13":{"name":"(anonymous_13)","decl":{"start":{"line":88,"column":11},"end":{"line":88,"column":12}},"loc":{"start":{"line":88,"column":17},"end":{"line":88,"column":41}},"line":88},"14":{"name":"(anonymous_14)","decl":{"start":{"line":94,"column":37},"end":{"line":94,"column":38}},"loc":{"start":{"line":94,"column":56},"end":{"line":110,"column":9}},"line":94},"15":{"name":"(anonymous_15)","decl":{"start":{"line":100,"column":23},"end":{"line":100,"column":24}},"loc":{"start":{"line":100,"column":29},"end":{"line":100,"column":51}},"line":100},"16":{"name":"(anonymous_16)","decl":{"start":{"line":115,"column":29},"end":{"line":115,"column":30}},"loc":{"start":{"line":116,"column":12},"end":{"line":133,"column":17}},"line":116}},"branchMap":{"0":{"loc":{"start":{"line":6,"column":25},"end":{"line":6,"column":39}},"type":"default-arg","locations":[{"start":{"line":6,"column":37},"end":{"line":6,"column":39}}],"line":6},"1":{"loc":{"start":{"line":18,"column":8},"end":{"line":21,"column":9}},"type":"if","locations":[{"start":{"line":18,"column":8},"end":{"line":21,"column":9}},{"start":{},"end":{}}],"line":18},"2":{"loc":{"start":{"line":56,"column":24},"end":{"line":56,"column":73}},"type":"binary-expr","locations":[{"start":{"line":56,"column":24},"end":{"line":56,"column":35}},{"start":{"line":56,"column":39},"end":{"line":56,"column":73}}],"line":56},"3":{"loc":{"start":{"line":69,"column":4},"end":{"line":87,"column":5}},"type":"if","locations":[{"start":{"line":69,"column":4},"end":{"line":87,"column":5}},{"start":{},"end":{}}],"line":69},"4":{"loc":{"start":{"line":102,"column":16},"end":{"line":102,"column":93}},"type":"cond-expr","locations":[{"start":{"line":102,"column":25},"end":{"line":102,"column":49}},{"start":{"line":102,"column":52},"end":{"line":102,"column":93}}],"line":102},"5":{"loc":{"start":{"line":118,"column":15},"end":{"line":122,"column":15}},"type":"binary-expr","locations":[{"start":{"line":118,"column":15},"end":{"line":118,"column":45}},{"start":{"line":119,"column":16},"end":{"line":121,"column":23}}],"line":118},"6":{"loc":{"start":{"line":123,"column":15},"end":{"line":127,"column":15}},"type":"binary-expr","locations":[{"start":{"line":123,"column":15},"end":{"line":123,"column":44}},{"start":{"line":124,"column":16},"end":{"line":126,"column":23}}],"line":123},"7":{"loc":{"start":{"line":128,"column":15},"end":{"line":132,"column":15}},"type":"binary-expr","locations":[{"start":{"line":128,"column":15},"end":{"line":128,"column":43}},{"start":{"line":129,"column":16},"end":{"line":131,"column":23}}],"line":128},"8":{"loc":{"start":{"line":130,"column":19},"end":{"line":130,"column":83}},"type":"cond-expr","locations":[{"start":{"line":130,"column":33},"end":{"line":130,"column":75}},{"start":{"line":130,"column":78},"end":{"line":130,"column":83}}],"line":130}},"s":{"0":0,"1":0,"2":0,"3":0,"4":0,"5":0,"6":0,"7":0,"8":0,"9":0,"10":0,"11":0,"12":0,"13":0,"14":0,"15":0,"16":0,"17":0,"18":0,"19":0,"20":0,"21":0,"22":0,"23":0,"24":0,"25":0,"26":0,"27":0,"28":0,"29":0,"30":0,"31":0,"32":0,"33":0,"34":0,"35":0,"36":0,"37":0,"38":0},"f":{"0":0,"1":0,"2":0,"3":0,"4":0,"5":0,"6":0,"7":0,"8":0,"9":0,"10":0,"11":0,"12":0,"13":0,"14":0,"15":0,"16":0},"b":{"0":[0],"1":[0,0],"2":[0,0],"3":[0,0],"4":[0,0],"5":[0,0],"6":[0,0],"7":[0,0],"8":[0,0]}}
,"/home/runner/work/personal-inventory-tracker/personal-inventory-tracker/src/components/InventoryApp.jsx": {"path":"/home/runner/work/personal-inventory-tracker/personal-inventory-tracker/src/components/InventoryApp.jsx","statementMap":{"0":{"start":{"line":8,"column":22},"end":{"line":8,"column":63}},"1":{"start":{"line":8,"column":33},"end":{"line":8,"column":62}},"2":{"start":{"line":9,"column":23},"end":{"line":9,"column":65}},"3":{"start":{"line":9,"column":34},"end":{"line":9,"column":64}},"4":{"start":{"line":12,"column":21},"end":{"line":371,"column":1}},"5":{"start":{"line":13,"column":28},"end":{"line":13,"column":40}},"6":{"start":{"line":14,"column":32},"end":{"line":14,"column":47}},"7":{"start":{"line":15,"column":26},"end":{"line":15,"column":47}},"8":{"start":{"line":16,"column":38},"end":{"line":16,"column":50}},"9":{"start":{"line":17,"column":42},"end":{"line":17,"column":57}},"10":{"start":{"line":18,"column":34},"end":{"line":18,"column":50}},"11":{"start":{"line":21,"column":21},"end":{"line":34,"column":8}},"12":{"start":{"line":22,"column":4},"end":{"line":22,"column":21}},"13":{"start":{"line":23,"column":4},"end":{"line":32,"column":5}},"14":{"start":{"line":24,"column":23},"end":{"line":26,"column":8}},"15":{"start":{"line":27,"column":19},"end":{"line":27,"column":40}},"16":{"start":{"line":28,"column":6},"end":{"line":28,"column":48}},"17":{"start":{"line":30,"column":6},"end":{"line":30,"column":52}},"18":{"start":{"line":31,"column":6},"end":{"line":31,"column":19}},"19":{"start":{"line":33,"column":4},"end":{"line":33,"column":22}},"20":{"start":{"line":36,"column":2},"end":{"line":38,"column":19}},"21":{"start":{"line":37,"column":4},"end":{"line":37,"column":17}},"22":{"start":{"line":41,"column":20},"end":{"line":47,"column":3}},"23":{"start":{"line":43,"column":47},"end":{"line":43,"column":68}},"24":{"start":{"line":44,"column":35},"end":{"line":44,"column":55}},"25":{"start":{"line":45,"column":42},"end":{"line":45,"column":56}},"26":{"start":{"line":46,"column":46},"end":{"line":46,"column":59}},"27":{"start":{"line":50,"column":24},"end":{"line":58,"column":4}},"28":{"start":{"line":51,"column":26},"end":{"line":51,"column":86}},"29":{"start":{"line":53,"column":6},"end":{"line":56,"column":76}},"30":{"start":{"line":57,"column":4},"end":{"line":57,"column":42}},"31":{"start":{"line":61,"column":17},"end":{"line":93,"column":3}},"32":{"start":{"line":62,"column":4},"end":{"line":92,"column":13}},"33":{"start":{"line":76,"column":14},"end":{"line":87,"column":23}},"34":{"start":{"line":78,"column":31},"end":{"line":78,"column":43}},"35":{"start":{"line":96,"column":20},"end":{"line":206,"column":3}},"36":{"start":{"line":97,"column":4},"end":{"line":205,"column":10}},"37":{"start":{"line":147,"column":14},"end":{"line":153,"column":20}},"38":{"start":{"line":162,"column":29},"end":{"line":162,"column":49}},"39":{"start":{"line":169,"column":29},"end":{"line":169,"column":44}},"40":{"start":{"line":176,"column":29},"end":{"line":176,"column":49}},"41":{"start":{"line":194,"column":34},"end":{"line":194,"column":54}},"42":{"start":{"line":195,"column":14},"end":{"line":200,"column":20}},"43":{"start":{"line":209,"column":24},"end":{"line":270,"column":3}},"44":{"start":{"line":210,"column":4},"end":{"line":269,"column":10}},"45":{"start":{"line":221,"column":33},"end":{"line":221,"column":62}},"46":{"start":{"line":227,"column":31},"end":{"line":227,"column":62}},"47":{"start":{"line":239,"column":29},"end":{"line":239,"column":79}},"48":{"start":{"line":258,"column":10},"end":{"line":258,"column":68}},"49":{"start":{"line":274,"column":19},"end":{"line":347,"column":3}},"50":{"start":{"line":275,"column":23},"end":{"line":275,"column":43}},"51":{"start":{"line":277,"column":4},"end":{"line":302,"column":5}},"52":{"start":{"line":278,"column":6},"end":{"line":301,"column":8}},"53":{"start":{"line":304,"column":4},"end":{"line":346,"column":6}},"54":{"start":{"line":350,"column":2},"end":{"line":356,"column":3}},"55":{"start":{"line":351,"column":4},"end":{"line":355,"column":6}},"56":{"start":{"line":358,"column":2},"end":{"line":370,"column":4}}},"fnMap":{"0":{"name":"(anonymous_0)","decl":{"start":{"line":8,"column":27},"end":{"line":8,"column":28}},"loc":{"start":{"line":8,"column":33},"end":{"line":8,"column":62}},"line":8},"1":{"name":"(anonymous_1)","decl":{"start":{"line":9,"column":28},"end":{"line":9,"column":29}},"loc":{"start":{"line":9,"column":34},"end":{"line":9,"column":64}},"line":9},"2":{"name":"(anonymous_2)","decl":{"start":{"line":12,"column":21},"end":{"line":12,"column":22}},"loc":{"start":{"line":12,"column":27},"end":{"line":371,"column":1}},"line":12},"3":{"name":"(anonymous_3)","decl":{"start":{"line":21,"column":33},"end":{"line":21,"column":34}},"loc":{"start":{"line":21,"column":45},"end":{"line":34,"column":3}},"line":21},"4":{"name":"(anonymous_4)","decl":{"start":{"line":36,"column":12},"end":{"line":36,"column":13}},"loc":{"start":{"line":36,"column":18},"end":{"line":38,"column":3}},"line":36},"5":{"name":"(anonymous_5)","decl":{"start":{"line":43,"column":32},"end":{"line":43,"column":33}},"loc":{"start":{"line":43,"column":47},"end":{"line":43,"column":68}},"line":43},"6":{"name":"(anonymous_6)","decl":{"start":{"line":44,"column":27},"end":{"line":44,"column":28}},"loc":{"start":{"line":44,"column":35},"end":{"line":44,"column":55}},"line":44},"7":{"name":"(anonymous_7)","decl":{"start":{"line":45,"column":34},"end":{"line":45,"column":35}},"loc":{"start":{"line":45,"column":42},"end":{"line":45,"column":56}},"line":45},"8":{"name":"(anonymous_8)","decl":{"start":{"line":46,"column":38},"end":{"line":46,"column":39}},"loc":{"start":{"line":46,"column":46},"end":{"line":46,"column":59}},"line":46},"9":{"name":"(anonymous_9)","decl":{"start":{"line":50,"column":37},"end":{"line":50,"column":38}},"loc":{"start":{"line":50,"column":45},"end":{"line":58,"column":3}},"line":50},"10":{"name":"(anonymous_10)","decl":{"start":{"line":61,"column":17},"end":{"line":61,"column":18}},"loc":{"start":{"line":62,"column":4},"end":{"line":92,"column":13}},"line":62},"11":{"name":"(anonymous_11)","decl":{"start":{"line":75,"column":18},"end":{"line":75,"column":19}},"loc":{"start":{"line":76,"column":14},"end":{"line":87,"column":23}},"line":76},"12":{"name":"(anonymous_12)","decl":{"start":{"line":78,"column":25},"end":{"line":78,"column":26}},"loc":{"start":{"line":78,"column":31},"end":{"line":78,"column":43}},"line":78},"13":{"name":"(anonymous_13)","decl":{"start":{"line":96,"column":20},"end":{"line":96,"column":21}},"loc":{"start":{"line":97,"column":4},"end":{"line":205,"column":10}},"line":97},"14":{"name":"(anonymous_14)","decl":{"start":{"line":146,"column":35},"end":{"line":146,"column":36}},"loc":{"start":{"line":147,"column":14},"end":{"line":153,"column":20}},"line":147},"15":{"name":"(anonymous_15)","decl":{"start":{"line":162,"column":23},"end":{"line":162,"column":24}},"loc":{"start":{"line":162,"column":29},"end":{"line":162,"column":49}},"line":162},"16":{"name":"(anonymous_16)","decl":{"start":{"line":169,"column":23},"end":{"line":169,"column":24}},"loc":{"start":{"line":169,"column":29},"end":{"line":169,"column":44}},"line":169},"17":{"name":"(anonymous_17)","decl":{"start":{"line":176,"column":23},"end":{"line":176,"column":24}},"loc":{"start":{"line":176,"column":29},"end":{"line":176,"column":49}},"line":176},"18":{"name":"(anonymous_18)","decl":{"start":{"line":194,"column":26},"end":{"line":194,"column":27}},"loc":{"start":{"line":194,"column":34},"end":{"line":194,"column":54}},"line":194},"19":{"name":"(anonymous_19)","decl":{"start":{"line":194,"column":72},"end":{"line":194,"column":73}},"loc":{"start":{"line":195,"column":14},"end":{"line":200,"column":20}},"line":195},"20":{"name":"(anonymous_20)","decl":{"start":{"line":209,"column":24},"end":{"line":209,"column":25}},"loc":{"start":{"line":210,"column":4},"end":{"line":269,"column":10}},"line":210},"21":{"name":"(anonymous_21)","decl":{"start":{"line":221,"column":26},"end":{"line":221,"column":27}},"loc":{"start":{"line":221,"column":33},"end":{"line":221,"column":62}},"line":221},"22":{"name":"(anonymous_22)","decl":{"start":{"line":227,"column":24},"end":{"line":227,"column":25}},"loc":{"start":{"line":227,"column":31},"end":{"line":227,"column":62}},"line":227},"23":{"name":"(anonymous_23)","decl":{"start":{"line":239,"column":23},"end":{"line":239,"column":24}},"loc":{"start":{"line":239,"column":29},"end":{"line":239,"column":79}},"line":239},"24":{"name":"(anonymous_24)","decl":{"start":{"line":257,"column":27},"end":{"line":257,"column":28}},"loc":{"start":{"line":258,"column":10},"end":{"line":258,"column":68}},"line":258},"25":{"name":"(anonymous_25)","decl":{"start":{"line":274,"column":19},"end":{"line":274,"column":20}},"loc":{"start":{"line":274,"column":43},"end":{"line":347,"column":3}},"line":274}},"branchMap":{"0":{"loc":{"start":{"line":28,"column":15},"end":{"line":28,"column":46}},"type":"cond-expr","locations":[{"start":{"line":28,"column":37},"end":{"line":28,"column":41}},{"start":{"line":28,"column":44},"end":{"line":28,"column":46}}],"line":28},"1":{"loc":{"start":{"line":43,"column":54},"end":{"line":43,"column":67}},"type":"binary-expr","locations":[{"start":{"line":43,"column":54},"end":{"line":43,"column":62}},{"start":{"line":43,"column":66},"end":{"line":43,"column":67}}],"line":43},"2":{"loc":{"start":{"line":44,"column":36},"end":{"line":44,"column":49}},"type":"binary-expr","locations":[{"start":{"line":44,"column":36},"end":{"line":44,"column":44}},{"start":{"line":44,"column":48},"end":{"line":44,"column":49}}],"line":44},"3":{"loc":{"start":{"line":53,"column":6},"end":{"line":56,"column":76}},"type":"binary-expr","locations":[{"start":{"line":53,"column":6},"end":{"line":53,"column":28}},{"start":{"line":54,"column":7},"end":{"line":54,"column":35}},{"start":{"line":54,"column":39},"end":{"line":54,"column":59}},{"start":{"line":55,"column":7},"end":{"line":55,"column":35}},{"start":{"line":55,"column":39},"end":{"line":55,"column":53}},{"start":{"line":56,"column":7},"end":{"line":56,"column":32}},{"start":{"line":56,"column":36},"end":{"line":56,"column":51}},{"start":{"line":56,"column":55},"end":{"line":56,"column":75}}],"line":53},"4":{"loc":{"start":{"line":54,"column":40},"end":{"line":54,"column":53}},"type":"binary-expr","locations":[{"start":{"line":54,"column":40},"end":{"line":54,"column":48}},{"start":{"line":54,"column":52},"end":{"line":54,"column":53}}],"line":54},"5":{"loc":{"start":{"line":56,"column":56},"end":{"line":56,"column":69}},"type":"binary-expr","locations":[{"start":{"line":56,"column":56},"end":{"line":56,"column":64}},{"start":{"line":56,"column":68},"end":{"line":56,"column":69}}],"line":56},"6":{"loc":{"start":{"line":57,"column":11},"end":{"line":57,"column":41}},"type":"binary-expr","locations":[{"start":{"line":57,"column":11},"end":{"line":57,"column":24}},{"start":{"line":57,"column":28},"end":{"line":57,"column":41}}],"line":57},"7":{"loc":{"start":{"line":80,"column":18},"end":{"line":82,"column":75}},"type":"cond-expr","locations":[{"start":{"line":81,"column":22},"end":{"line":81,"column":49}},{"start":{"line":82,"column":22},"end":{"line":82,"column":75}}],"line":80},"8":{"loc":{"start":{"line":152,"column":62},"end":{"line":152,"column":75}},"type":"binary-expr","locations":[{"start":{"line":152,"column":62},"end":{"line":152,"column":70}},{"start":{"line":152,"column":74},"end":{"line":152,"column":75}}],"line":152},"9":{"loc":{"start":{"line":187,"column":7},"end":{"line":204,"column":7}},"type":"binary-expr","locations":[{"start":{"line":187,"column":7},"end":{"line":187,"column":29}},{"start":{"line":188,"column":8},"end":{"line":203,"column":14}}],"line":187},"10":{"loc":{"start":{"line":194,"column":35},"end":{"line":194,"column":48}},"type":"binary-expr","locations":[{"start":{"line":194,"column":35},"end":{"line":194,"column":43}},{"start":{"line":194,"column":47},"end":{"line":194,"column":48}}],"line":194},"11":{"loc":{"start":{"line":198,"column":66},"end":{"line":198,"column":79}},"type":"binary-expr","locations":[{"start":{"line":198,"column":66},"end":{"line":198,"column":74}},{"start":{"line":198,"column":78},"end":{"line":198,"column":79}}],"line":198},"12":{"loc":{"start":{"line":239,"column":41},"end":{"line":239,"column":78}},"type":"cond-expr","locations":[{"start":{"line":239,"column":63},"end":{"line":239,"column":69}},{"start":{"line":239,"column":72},"end":{"line":239,"column":78}}],"line":239},"13":{"loc":{"start":{"line":242,"column":15},"end":{"line":242,"column":96}},"type":"cond-expr","locations":[{"start":{"line":242,"column":37},"end":{"line":242,"column":65}},{"start":{"line":242,"column":68},"end":{"line":242,"column":96}}],"line":242},"14":{"loc":{"start":{"line":253,"column":22},"end":{"line":255,"column":21}},"type":"cond-expr","locations":[{"start":{"line":254,"column":10},"end":{"line":254,"column":79}},{"start":{"line":255,"column":10},"end":{"line":255,"column":21}}],"line":253},"15":{"loc":{"start":{"line":262,"column":7},"end":{"line":268,"column":7}},"type":"binary-expr","locations":[{"start":{"line":262,"column":7},"end":{"line":262,"column":33}},{"start":{"line":263,"column":8},"end":{"line":267,"column":14}}],"line":262},"16":{"loc":{"start":{"line":275,"column":24},"end":{"line":275,"column":37}},"type":"binary-expr","locations":[{"start":{"line":275,"column":24},"end":{"line":275,"column":32}},{"start":{"line":275,"column":36},"end":{"line":275,"column":37}}],"line":275},"17":{"loc":{"start":{"line":277,"column":4},"end":{"line":302,"column":5}},"type":"if","locations":[{"start":{"line":277,"column":4},"end":{"line":302,"column":5}},{"start":{},"end":{}}],"line":277},"18":{"loc":{"start":{"line":282,"column":54},"end":{"line":282,"column":96}},"type":"cond-expr","locations":[{"start":{"line":282,"column":67},"end":{"line":282,"column":79}},{"start":{"line":282,"column":82},"end":{"line":282,"column":96}}],"line":282},"19":{"loc":{"start":{"line":285,"column":64},"end":{"line":285,"column":77}},"type":"binary-expr","locations":[{"start":{"line":285,"column":64},"end":{"line":285,"column":72}},{"start":{"line":285,"column":76},"end":{"line":285,"column":77}}],"line":285},"20":{"loc":{"start":{"line":307,"column":50},"end":{"line":307,"column":92}},"type":"cond-expr","locations":[{"start":{"line":307,"column":63},"end":{"line":307,"column":75}},{"start":{"line":307,"column":78},"end":{"line":307,"column":92}}],"line":307},"21":{"loc":{"start":{"line":325,"column":70},"end":{"line":325,"column":83}},"type":"binary-expr","locations":[{"start":{"line":325,"column":70},"end":{"line":325,"column":78}},{"start":{"line":325,"column":82},"end":{"line":325,"column":83}}],"line":325},"22":{"loc":{"start":{"line":334,"column":23},"end":{"line":334,"column":46}},"type":"binary-expr","locations":[{"start":{"line":334,"column":23},"end":{"line":334,"column":37}},{"start":{"line":334,"column":41},"end":{"line":334,"column":46}}],"line":334},"23":{"loc":{"start":{"line":340,"column":9},"end":{"line":344,"column":9}},"type":"binary-expr","locations":[{"start":{"line":340,"column":9},"end":{"line":340,"column":19}},{"start":{"line":341,"column":10},"end":{"line":343,"column":16}}],"line":340},"24":{"loc":{"start":{"line":350,"column":2},"end":{"line":356,"column":3}},"type":"if","locations":[{"start":{"line":350,"column":2},"end":{"line":356,"column":3}},{"start":{},"end":{}}],"line":350},"25":{"loc":{"start":{"line":363,"column":11},"end":{"line":363,"column":48}},"type":"binary-expr","locations":[{"start":{"line":363,"column":11},"end":{"line":363,"column":31}},{"start":{"line":363,"column":35},"end":{"line":363,"column":48}}],"line":363},"26":{"loc":{"start":{"line":364,"column":11},"end":{"line":364,"column":52}},"type":"binary-expr","locations":[{"start":{"line":364,"column":11},"end":{"line":364,"column":31}},{"start":{"line":364,"column":35},"end":{"line":364,"column":52}}],"line":364},"27":{"loc":{"start":{"line":365,"column":11},"end":{"line":365,"column":52}},"type":"binary-expr","locations":[{"start":{"line":365,"column":11},"end":{"line":365,"column":31}},{"start":{"line":365,"column":35},"end":{"line":365,"column":52}}],"line":365},"28":{"loc":{"start":{"line":366,"column":11},"end":{"line":366,"column":62}},"type":"binary-expr","locations":[{"start":{"line":366,"column":11},"end":{"line":366,"column":26}},{"start":{"line":366,"column":30},"end":{"line":366,"column":62}}],"line":366}},"s":{"0":0,"1":0,"2":0,"3":0,"4":0,"5":0,"6":0,"7":0,"8":0,"9":0,"10":0,"11":0,"12":0,"13":0,"14":0,"15":0,"16":0,"17":0,"18":0,"19":0,"20":0,"21":0,"22":0,"23":0,"24":0,"25":0,"26":0,"27":0,"28":0,"29":0,"30":0,"31":0,"32":0,"33":0,"34":0,"35":0,"36":0,"37":0,"38":0,"39":0,"40":0,"41":0,"42":0,"43":0,"44":0,"45":0,"46":0,"47":0,"48":0,"49":0,"50":0,"51":0,"52":0,"53":0,"54":0,"55":0,"56":0},"f":{"0":0,"1":0,"2":0,"3":0,"4":0,"5":0,"6":0,"7":0,"8":0,"9":0,"10":0,"11":0,"12":0,"13":0,"14":0,"15":0,"16":0,"17":0,"18":0,"19":0,"20":0,"21":0,"22":0,"23":0,"24":0,"25":0},"b":{"0":[0,0],"1":[0,0],"2":[0,0],"3":[0,0,0,0,0,0,0,0],"4":[0,0],"5":[0,0],"6":[0,0],"7":[0,0],"8":[0,0],"9":[0,0],"10":[0,0],"11":[0,0],"12":[0,0],"13":[0,0],"14":[0,0],"15":[0,0],"16":[0,0],"17":[0,0],"18":[0,0],"19":[0,0],"20":[0,0],"21":[0,0],"22":[0,0],"23":[0,0],"24":[0,0],"25":[0,0],"26":[0,0],"27":[0,0],"28":[0,0]}}
,"/home/runner/work/personal-inventory-tracker/personal-inventory-tracker/src/components/OCRScannerView.jsx": {"path":"/home/runner/work/personal-inventory-tracker/personal-inventory-tracker/src/components/OCRScannerView.jsx","statementMap":{"0":{"start":{"line":8,"column":23},"end":{"line":555,"column":1}},"1":{"start":{"line":9,"column":38},"end":{"line":9,"column":53}},"2":{"start":{"line":10,"column":40},"end":{"line":10,"column":52}},"3":{"start":{"line":11,"column":44},"end":{"line":11,"column":58}},"4":{"start":{"line":12,"column":38},"end":{"line":12,"column":50}},"5":{"start":{"line":13,"column":48},"end":{"line":13,"column":60}},"6":{"start":{"line":14,"column":42},"end":{"line":20,"column":4}},"7":{"start":{"line":22,"column":23},"end":{"line":22,"column":35}},"8":{"start":{"line":23,"column":19},"end":{"line":23,"column":31}},"9":{"start":{"line":24,"column":20},"end":{"line":24,"column":32}},"10":{"start":{"line":27,"column":22},"end":{"line":43,"column":3}},"11":{"start":{"line":28,"column":4},"end":{"line":42,"column":5}},"12":{"start":{"line":29,"column":21},"end":{"line":35,"column":8}},"13":{"start":{"line":36,"column":6},"end":{"line":38,"column":7}},"14":{"start":{"line":37,"column":8},"end":{"line":37,"column":44}},"15":{"start":{"line":40,"column":6},"end":{"line":40,"column":52}},"16":{"start":{"line":41,"column":6},"end":{"line":41,"column":69}},"17":{"start":{"line":46,"column":21},"end":{"line":53,"column":3}},"18":{"start":{"line":47,"column":4},"end":{"line":52,"column":5}},"19":{"start":{"line":48,"column":21},"end":{"line":48,"column":47}},"20":{"start":{"line":49,"column":21},"end":{"line":49,"column":39}},"21":{"start":{"line":50,"column":6},"end":{"line":50,"column":44}},"22":{"start":{"line":50,"column":30},"end":{"line":50,"column":42}},"23":{"start":{"line":51,"column":6},"end":{"line":51,"column":40}},"24":{"start":{"line":56,"column":23},"end":{"line":71,"column":3}},"25":{"start":{"line":57,"column":19},"end":{"line":57,"column":36}},"26":{"start":{"line":58,"column":18},"end":{"line":58,"column":34}},"27":{"start":{"line":60,"column":4},"end":{"line":70,"column":5}},"28":{"start":{"line":61,"column":22},"end":{"line":61,"column":45}},"29":{"start":{"line":62,"column":6},"end":{"line":62,"column":38}},"30":{"start":{"line":63,"column":6},"end":{"line":63,"column":40}},"31":{"start":{"line":64,"column":6},"end":{"line":64,"column":37}},"32":{"start":{"line":66,"column":6},"end":{"line":69,"column":28}},"33":{"start":{"line":67,"column":8},"end":{"line":67,"column":27}},"34":{"start":{"line":68,"column":8},"end":{"line":68,"column":21}},"35":{"start":{"line":74,"column":27},"end":{"line":84,"column":3}},"36":{"start":{"line":75,"column":17},"end":{"line":75,"column":38}},"37":{"start":{"line":76,"column":6},"end":{"line":83,"column":5}},"38":{"start":{"line":78,"column":23},"end":{"line":78,"column":39}},"39":{"start":{"line":79,"column":6},"end":{"line":79,"column":62}},"40":{"start":{"line":79,"column":29},"end":{"line":79,"column":61}},"41":{"start":{"line":80,"column":6},"end":{"line":80,"column":33}},"42":{"start":{"line":82,"column":6},"end":{"line":82,"column":25}},"43":{"start":{"line":87,"column":23},"end":{"line":168,"column":3}},"44":{"start":{"line":88,"column":4},"end":{"line":88,"column":24}},"45":{"start":{"line":89,"column":4},"end":{"line":89,"column":23}},"46":{"start":{"line":90,"column":4},"end":{"line":90,"column":42}},"47":{"start":{"line":92,"column":4},"end":{"line":167,"column":5}},"48":{"start":{"line":94,"column":24},"end":{"line":94,"column":85}},"49":{"start":{"line":96,"column":6},"end":{"line":96,"column":50}},"50":{"start":{"line":98,"column":21},"end":{"line":106,"column":8}},"51":{"start":{"line":100,"column":10},"end":{"line":104,"column":11}},"52":{"start":{"line":101,"column":12},"end":{"line":101,"column":85}},"53":{"start":{"line":103,"column":12},"end":{"line":103,"column":39}},"54":{"start":{"line":108,"column":6},"end":{"line":108,"column":56}},"55":{"start":{"line":111,"column":6},"end":{"line":111,"column":55}},"56":{"start":{"line":112,"column":6},"end":{"line":112,"column":53}},"57":{"start":{"line":115,"column":6},"end":{"line":120,"column":9}},"58":{"start":{"line":122,"column":6},"end":{"line":122,"column":46}},"59":{"start":{"line":124,"column":21},"end":{"line":124,"column":54}},"60":{"start":{"line":127,"column":20},"end":{"line":135,"column":45}},"61":{"start":{"line":128,"column":24},"end":{"line":128,"column":53}},"62":{"start":{"line":129,"column":22},"end":{"line":134,"column":9}},"63":{"start":{"line":135,"column":24},"end":{"line":135,"column":44}},"64":{"start":{"line":137,"column":6},"end":{"line":137,"column":28}},"65":{"start":{"line":138,"column":6},"end":{"line":138,"column":29}},"66":{"start":{"line":139,"column":6},"end":{"line":139,"column":31}},"67":{"start":{"line":141,"column":6},"end":{"line":143,"column":7}},"68":{"start":{"line":142,"column":8},"end":{"line":142,"column":32}},"69":{"start":{"line":146,"column":6},"end":{"line":146,"column":53}},"70":{"start":{"line":147,"column":6},"end":{"line":147,"column":57}},"71":{"start":{"line":150,"column":25},"end":{"line":150,"column":50}},"72":{"start":{"line":151,"column":6},"end":{"line":157,"column":7}},"73":{"start":{"line":152,"column":8},"end":{"line":152,"column":77}},"74":{"start":{"line":153,"column":13},"end":{"line":157,"column":7}},"75":{"start":{"line":154,"column":8},"end":{"line":154,"column":95}},"76":{"start":{"line":156,"column":8},"end":{"line":156,"column":65}},"77":{"start":{"line":160,"column":6},"end":{"line":164,"column":10}},"78":{"start":{"line":166,"column":6},"end":{"line":166,"column":27}},"79":{"start":{"line":171,"column":27},"end":{"line":177,"column":3}},"80":{"start":{"line":172,"column":27},"end":{"line":172,"column":52}},"81":{"start":{"line":173,"column":4},"end":{"line":176,"column":6}},"82":{"start":{"line":174,"column":6},"end":{"line":175,"column":55}},"83":{"start":{"line":180,"column":25},"end":{"line":202,"column":3}},"84":{"start":{"line":181,"column":4},"end":{"line":201,"column":5}},"85":{"start":{"line":182,"column":23},"end":{"line":193,"column":8}},"86":{"start":{"line":195,"column":6},"end":{"line":198,"column":7}},"87":{"start":{"line":197,"column":8},"end":{"line":197,"column":73}},"88":{"start":{"line":197,"column":31},"end":{"line":197,"column":71}},"89":{"start":{"line":197,"column":51},"end":{"line":197,"column":70}},"90":{"start":{"line":200,"column":6},"end":{"line":200,"column":50}},"91":{"start":{"line":205,"column":24},"end":{"line":292,"column":3}},"92":{"start":{"line":206,"column":4},"end":{"line":206,"column":29}},"93":{"start":{"line":206,"column":17},"end":{"line":206,"column":29}},"94":{"start":{"line":208,"column":4},"end":{"line":291,"column":6}},"95":{"start":{"line":228,"column":33},"end":{"line":228,"column":72}},"96":{"start":{"line":244,"column":33},"end":{"line":244,"column":97}},"97":{"start":{"line":244,"column":58},"end":{"line":244,"column":95}},"98":{"start":{"line":262,"column":33},"end":{"line":262,"column":92}},"99":{"start":{"line":262,"column":58},"end":{"line":262,"column":90}},"100":{"start":{"line":295,"column":2},"end":{"line":298,"column":4}},"101":{"start":{"line":300,"column":42},"end":{"line":300,"column":57}},"102":{"start":{"line":301,"column":38},"end":{"line":301,"column":53}},"103":{"start":{"line":303,"column":2},"end":{"line":554,"column":4}},"104":{"start":{"line":313,"column":27},"end":{"line":313,"column":48}},"105":{"start":{"line":331,"column":16},"end":{"line":331,"column":36}},"106":{"start":{"line":332,"column":16},"end":{"line":332,"column":30}},"107":{"start":{"line":355,"column":29},"end":{"line":355,"column":58}},"108":{"start":{"line":372,"column":18},"end":{"line":372,"column":39}},"109":{"start":{"line":373,"column":18},"end":{"line":373,"column":31}},"110":{"start":{"line":447,"column":35},"end":{"line":447,"column":64}},"111":{"start":{"line":449,"column":14},"end":{"line":504,"column":16}},"112":{"start":{"line":488,"column":36},"end":{"line":488,"column":81}},"113":{"start":{"line":489,"column":24},"end":{"line":489,"column":67}},"114":{"start":{"line":497,"column":37},"end":{"line":497,"column":95}},"115":{"start":{"line":497,"column":60},"end":{"line":497,"column":94}},"116":{"start":{"line":497,"column":82},"end":{"line":497,"column":93}},"117":{"start":{"line":512,"column":18},"end":{"line":516,"column":21}},"118":{"start":{"line":513,"column":37},"end":{"line":513,"column":76}},"119":{"start":{"line":514,"column":32},"end":{"line":514,"column":76}},"120":{"start":{"line":515,"column":20},"end":{"line":515,"column":48}},"121":{"start":{"line":551,"column":23},"end":{"line":551,"column":45}},"122":{"start":{"line":558,"column":0},"end":{"line":561,"column":2}},"123":{"start":{"line":563,"column":0},"end":{"line":566,"column":2}}},"fnMap":{"0":{"name":"(anonymous_0)","decl":{"start":{"line":8,"column":23},"end":{"line":8,"column":24}},"loc":{"start":{"line":8,"column":61},"end":{"line":555,"column":1}},"line":8},"1":{"name":"(anonymous_1)","decl":{"start":{"line":27,"column":22},"end":{"line":27,"column":23}},"loc":{"start":{"line":27,"column":34},"end":{"line":43,"column":3}},"line":27},"2":{"name":"(anonymous_2)","decl":{"start":{"line":46,"column":21},"end":{"line":46,"column":22}},"loc":{"start":{"line":46,"column":27},"end":{"line":53,"column":3}},"line":46},"3":{"name":"(anonymous_3)","decl":{"start":{"line":50,"column":21},"end":{"line":50,"column":22}},"loc":{"start":{"line":50,"column":30},"end":{"line":50,"column":42}},"line":50},"4":{"name":"(anonymous_4)","decl":{"start":{"line":56,"column":23},"end":{"line":56,"column":24}},"loc":{"start":{"line":56,"column":29},"end":{"line":71,"column":3}},"line":56},"5":{"name":"(anonymous_5)","decl":{"start":{"line":66,"column":20},"end":{"line":66,"column":21}},"loc":{"start":{"line":66,"column":30},"end":{"line":69,"column":7}},"line":66},"6":{"name":"(anonymous_6)","decl":{"start":{"line":74,"column":27},"end":{"line":74,"column":28}},"loc":{"start":{"line":74,"column":38},"end":{"line":84,"column":3}},"line":74},"7":{"name":"(anonymous_7)","decl":{"start":{"line":79,"column":22},"end":{"line":79,"column":23}},"loc":{"start":{"line":79,"column":29},"end":{"line":79,"column":61}},"line":79},"8":{"name":"(anonymous_8)","decl":{"start":{"line":87,"column":23},"end":{"line":87,"column":24}},"loc":{"start":{"line":87,"column":44},"end":{"line":168,"column":3}},"line":87},"9":{"name":"(anonymous_9)","decl":{"start":{"line":99,"column":16},"end":{"line":99,"column":17}},"loc":{"start":{"line":99,"column":42},"end":{"line":105,"column":9}},"line":99},"10":{"name":"(anonymous_10)","decl":{"start":{"line":128,"column":16},"end":{"line":128,"column":17}},"loc":{"start":{"line":128,"column":24},"end":{"line":128,"column":53}},"line":128},"11":{"name":"(anonymous_11)","decl":{"start":{"line":129,"column":13},"end":{"line":129,"column":14}},"loc":{"start":{"line":129,"column":22},"end":{"line":134,"column":9}},"line":129},"12":{"name":"(anonymous_12)","decl":{"start":{"line":135,"column":16},"end":{"line":135,"column":17}},"loc":{"start":{"line":135,"column":24},"end":{"line":135,"column":44}},"line":135},"13":{"name":"(anonymous_13)","decl":{"start":{"line":171,"column":27},"end":{"line":171,"column":28}},"loc":{"start":{"line":171,"column":37},"end":{"line":177,"column":3}},"line":171},"14":{"name":"(anonymous_14)","decl":{"start":{"line":173,"column":22},"end":{"line":173,"column":23}},"loc":{"start":{"line":174,"column":6},"end":{"line":175,"column":55}},"line":174},"15":{"name":"(anonymous_15)","decl":{"start":{"line":180,"column":25},"end":{"line":180,"column":26}},"loc":{"start":{"line":180,"column":61},"end":{"line":202,"column":3}},"line":180},"16":{"name":"(anonymous_16)","decl":{"start":{"line":197,"column":23},"end":{"line":197,"column":24}},"loc":{"start":{"line":197,"column":31},"end":{"line":197,"column":71}},"line":197},"17":{"name":"(anonymous_17)","decl":{"start":{"line":197,"column":43},"end":{"line":197,"column":44}},"loc":{"start":{"line":197,"column":51},"end":{"line":197,"column":70}},"line":197},"18":{"name":"(anonymous_18)","decl":{"start":{"line":205,"column":24},"end":{"line":205,"column":25}},"loc":{"start":{"line":205,"column":49},"end":{"line":292,"column":3}},"line":205},"19":{"name":"(anonymous_19)","decl":{"start":{"line":228,"column":26},"end":{"line":228,"column":27}},"loc":{"start":{"line":228,"column":33},"end":{"line":228,"column":72}},"line":228},"20":{"name":"(anonymous_20)","decl":{"start":{"line":244,"column":26},"end":{"line":244,"column":27}},"loc":{"start":{"line":244,"column":33},"end":{"line":244,"column":97}},"line":244},"21":{"name":"(anonymous_21)","decl":{"start":{"line":244,"column":49},"end":{"line":244,"column":50}},"loc":{"start":{"line":244,"column":58},"end":{"line":244,"column":95}},"line":244},"22":{"name":"(anonymous_22)","decl":{"start":{"line":262,"column":26},"end":{"line":262,"column":27}},"loc":{"start":{"line":262,"column":33},"end":{"line":262,"column":92}},"line":262},"23":{"name":"(anonymous_23)","decl":{"start":{"line":262,"column":49},"end":{"line":262,"column":50}},"loc":{"start":{"line":262,"column":58},"end":{"line":262,"column":90}},"line":262},"24":{"name":"(anonymous_24)","decl":{"start":{"line":313,"column":21},"end":{"line":313,"column":22}},"loc":{"start":{"line":313,"column":27},"end":{"line":313,"column":48}},"line":313},"25":{"name":"(anonymous_25)","decl":{"start":{"line":330,"column":23},"end":{"line":330,"column":24}},"loc":{"start":{"line":330,"column":29},"end":{"line":333,"column":15}},"line":330},"26":{"name":"(anonymous_26)","decl":{"start":{"line":355,"column":23},"end":{"line":355,"column":24}},"loc":{"start":{"line":355,"column":29},"end":{"line":355,"column":58}},"line":355},"27":{"name":"(anonymous_27)","decl":{"start":{"line":371,"column":25},"end":{"line":371,"column":26}},"loc":{"start":{"line":371,"column":31},"end":{"line":374,"column":17}},"line":371},"28":{"name":"(anonymous_28)","decl":{"start":{"line":446,"column":29},"end":{"line":446,"column":30}},"loc":{"start":{"line":446,"column":48},"end":{"line":505,"column":13}},"line":446},"29":{"name":"(anonymous_29)","decl":{"start":{"line":487,"column":31},"end":{"line":487,"column":32}},"loc":{"start":{"line":487,"column":37},"end":{"line":490,"column":23}},"line":487},"30":{"name":"(anonymous_30)","decl":{"start":{"line":497,"column":31},"end":{"line":497,"column":32}},"loc":{"start":{"line":497,"column":37},"end":{"line":497,"column":95}},"line":497},"31":{"name":"(anonymous_31)","decl":{"start":{"line":497,"column":52},"end":{"line":497,"column":53}},"loc":{"start":{"line":497,"column":60},"end":{"line":497,"column":94}},"line":497},"32":{"name":"(anonymous_32)","decl":{"start":{"line":497,"column":72},"end":{"line":497,"column":73}},"loc":{"start":{"line":497,"column":82},"end":{"line":497,"column":93}},"line":497},"33":{"name":"(anonymous_33)","decl":{"start":{"line":511,"column":25},"end":{"line":511,"column":26}},"loc":{"start":{"line":511,"column":31},"end":{"line":517,"column":17}},"line":511},"34":{"name":"(anonymous_34)","decl":{"start":{"line":512,"column":38},"end":{"line":512,"column":39}},"loc":{"start":{"line":512,"column":57},"end":{"line":516,"column":19}},"line":512},"35":{"name":"(anonymous_35)","decl":{"start":{"line":551,"column":17},"end":{"line":551,"column":18}},"loc":{"start":{"line":551,"column":23},"end":{"line":551,"column":45}},"line":551},"36":{"name":"(anonymous_36)","decl":{"start":{"line":564,"column":20},"end":{"line":564,"column":21}},"loc":{"start":{"line":564,"column":26},"end":{"line":564,"column":28}},"line":564}},"branchMap":{"0":{"loc":{"start":{"line":8,"column":44},"end":{"line":8,"column":54}},"type":"default-arg","locations":[{"start":{"line":8,"column":52},"end":{"line":8,"column":54}}],"line":8},"1":{"loc":{"start":{"line":36,"column":6},"end":{"line":38,"column":7}},"type":"if","locations":[{"start":{"line":36,"column":6},"end":{"line":38,"column":7}},{"start":{},"end":{}}],"line":36},"2":{"loc":{"start":{"line":47,"column":4},"end":{"line":52,"column":5}},"type":"if","locations":[{"start":{"line":47,"column":4},"end":{"line":52,"column":5}},{"start":{},"end":{}}],"line":47},"3":{"loc":{"start":{"line":60,"column":4},"end":{"line":70,"column":5}},"type":"if","locations":[{"start":{"line":60,"column":4},"end":{"line":70,"column":5}},{"start":{},"end":{}}],"line":60},"4":{"loc":{"start":{"line":60,"column":8},"end":{"line":60,"column":23}},"type":"binary-expr","locations":[{"start":{"line":60,"column":8},"end":{"line":60,"column":14}},{"start":{"line":60,"column":18},"end":{"line":60,"column":23}}],"line":60},"5":{"loc":{"start":{"line":76,"column":6},"end":{"line":83,"column":5}},"type":"if","locations":[{"start":{"line":76,"column":6},"end":{"line":83,"column":5}},{"start":{},"end":{}}],"line":76},"6":{"loc":{"start":{"line":76,"column":10},"end":{"line":76,"column":48}},"type":"binary-expr","locations":[{"start":{"line":76,"column":10},"end":{"line":76,"column":14}},{"start":{"line":76,"column":18},"end":{"line":76,"column":48}}],"line":76},"7":{"loc":{"start":{"line":100,"column":10},"end":{"line":104,"column":11}},"type":"if","locations":[{"start":{"line":100,"column":10},"end":{"line":104,"column":11}},{"start":{"line":102,"column":17},"end":{"line":104,"column":11}}],"line":100},"8":{"loc":{"start":{"line":141,"column":6},"end":{"line":143,"column":7}},"type":"if","locations":[{"start":{"line":141,"column":6},"end":{"line":143,"column":7}},{"start":{},"end":{}}],"line":141},"9":{"loc":{"start":{"line":151,"column":6},"end":{"line":157,"column":7}},"type":"if","locations":[{"start":{"line":151,"column":6},"end":{"line":157,"column":7}},{"start":{"line":153,"column":13},"end":{"line":157,"column":7}}],"line":151},"10":{"loc":{"start":{"line":153,"column":13},"end":{"line":157,"column":7}},"type":"if","locations":[{"start":{"line":153,"column":13},"end":{"line":157,"column":7}},{"start":{"line":155,"column":13},"end":{"line":157,"column":7}}],"line":153},"11":{"loc":{"start":{"line":174,"column":6},"end":{"line":175,"column":55}},"type":"binary-expr","locations":[{"start":{"line":174,"column":6},"end":{"line":174,"column":55}},{"start":{"line":175,"column":6},"end":{"line":175,"column":55}}],"line":174},"12":{"loc":{"start":{"line":180,"column":44},"end":{"line":180,"column":56}},"type":"default-arg","locations":[{"start":{"line":180,"column":55},"end":{"line":180,"column":56}}],"line":180},"13":{"loc":{"start":{"line":195,"column":6},"end":{"line":198,"column":7}},"type":"if","locations":[{"start":{"line":195,"column":6},"end":{"line":198,"column":7}},{"start":{},"end":{}}],"line":195},"14":{"loc":{"start":{"line":206,"column":4},"end":{"line":206,"column":29}},"type":"if","locations":[{"start":{"line":206,"column":4},"end":{"line":206,"column":29}},{"start":{},"end":{}}],"line":206},"15":{"loc":{"start":{"line":365,"column":7},"end":{"line":400,"column":7}},"type":"binary-expr","locations":[{"start":{"line":365,"column":7},"end":{"line":365,"column":17}},{"start":{"line":366,"column":8},"end":{"line":399,"column":14}}],"line":365},"16":{"loc":{"start":{"line":403,"column":7},"end":{"line":414,"column":7}},"type":"binary-expr","locations":[{"start":{"line":403,"column":7},"end":{"line":403,"column":19}},{"start":{"line":404,"column":8},"end":{"line":413,"column":14}}],"line":403},"17":{"loc":{"start":{"line":417,"column":7},"end":{"line":430,"column":7}},"type":"binary-expr","locations":[{"start":{"line":417,"column":7},"end":{"line":417,"column":17}},{"start":{"line":418,"column":8},"end":{"line":429,"column":14}}],"line":417},"18":{"loc":{"start":{"line":433,"column":7},"end":{"line":526,"column":7}},"type":"binary-expr","locations":[{"start":{"line":433,"column":7},"end":{"line":433,"column":29}},{"start":{"line":434,"column":8},"end":{"line":525,"column":14}}],"line":433},"19":{"loc":{"start":{"line":460,"column":28},"end":{"line":464,"column":57}},"type":"cond-expr","locations":[{"start":{"line":461,"column":32},"end":{"line":461,"column":61}},{"start":{"line":462,"column":32},"end":{"line":464,"column":57}}],"line":460},"20":{"loc":{"start":{"line":462,"column":32},"end":{"line":464,"column":57}},"type":"cond-expr","locations":[{"start":{"line":463,"column":32},"end":{"line":463,"column":63}},{"start":{"line":464,"column":32},"end":{"line":464,"column":57}}],"line":462},"21":{"loc":{"start":{"line":468,"column":27},"end":{"line":472,"column":27}},"type":"binary-expr","locations":[{"start":{"line":468,"column":27},"end":{"line":468,"column":39}},{"start":{"line":469,"column":28},"end":{"line":471,"column":35}}],"line":468},"22":{"loc":{"start":{"line":489,"column":47},"end":{"line":489,"column":65}},"type":"binary-expr","locations":[{"start":{"line":489,"column":47},"end":{"line":489,"column":60}},{"start":{"line":489,"column":64},"end":{"line":489,"column":65}}],"line":489},"23":{"loc":{"start":{"line":508,"column":11},"end":{"line":524,"column":11}},"type":"binary-expr","locations":[{"start":{"line":508,"column":11},"end":{"line":508,"column":33}},{"start":{"line":509,"column":12},"end":{"line":523,"column":18}}],"line":508},"24":{"loc":{"start":{"line":514,"column":32},"end":{"line":514,"column":76}},"type":"cond-expr","locations":[{"start":{"line":514,"column":43},"end":{"line":514,"column":72}},{"start":{"line":514,"column":75},"end":{"line":514,"column":76}}],"line":514},"25":{"loc":{"start":{"line":514,"column":43},"end":{"line":514,"column":72}},"type":"binary-expr","locations":[{"start":{"line":514,"column":43},"end":{"line":514,"column":67}},{"start":{"line":514,"column":71},"end":{"line":514,"column":72}}],"line":514}},"s":{"0":0,"1":0,"2":0,"3":0,"4":0,"5":0,"6":0,"7":0,"8":0,"9":0,"10":0,"11":0,"12":0,"13":0,"14":0,"15":0,"16":0,"17":0,"18":0,"19":0,"20":0,"21":0,"22":0,"23":0,"24":0,"25":0,"26":0,"27":0,"28":0,"29":0,"30":0,"31":0,"32":0,"33":0,"34":0,"35":0,"36":0,"37":0,"38":0,"39":0,"40":0,"41":0,"42":0,"43":0,"44":0,"45":0,"46":0,"47":0,"48":0,"49":0,"50":0,"51":0,"52":0,"53":0,"54":0,"55":0,"56":0,"57":0,"58":0,"59":0,"60":0,"61":0,"62":0,"63":0,"64":0,"65":0,"66":0,"67":0,"68":0,"69":0,"70":0,"71":0,"72":0,"73":0,"74":0,"75":0,"76":0,"77":0,"78":0,"79":0,"80":0,"81":0,"82":0,"83":0,"84":0,"85":0,"86":0,"87":0,"88":0,"89":0,"90":0,"91":0,"92":0,"93":0,"94":0,"95":0,"96":0,"97":0,"98":0,"99":0,"100":0,"101":0,"102":0,"103":0,"104":0,"105":0,"106":0,"107":0,"108":0,"109":0,"110":0,"111":0,"112":0,"113":0,"114":0,"115":0,"116":0,"117":0,"118":0,"119":0,"120":0,"121":0,"122":0,"123":0},"f":{"0":0,"1":0,"2":0,"3":0,"4":0,"5":0,"6":0,"7":0,"8":0,"9":0,"10":0,"11":0,"12":0,"13":0,"14":0,"15":0,"16":0,"17":0,"18":0,"19":0,"20":0,"21":0,"22":0,"23":0,"24":0,"25":0,"26":0,"27":0,"28":0,"29":0,"30":0,"31":0,"32":0,"33":0,"34":0,"35":0,"36":0},"b":{"0":[0],"1":[0,0],"2":[0,0],"3":[0,0],"4":[0,0],"5":[0,0],"6":[0,0],"7":[0,0],"8":[0,0],"9":[0,0],"10":[0,0],"11":[0,0],"12":[0],"13":[0,0],"14":[0,0],"15":[0,0],"16":[0,0],"17":[0,0],"18":[0,0],"19":[0,0],"20":[0,0],"21":[0,0],"22":[0,0],"23":[0,0],"24":[0,0],"25":[0,0]}}
,"/home/runner/work/personal-inventory-tracker/personal-inventory-tracker/src/components/ShoppingListView.jsx": {"path":"/home/runner/work/personal-inventory-tracker/personal-inventory-tracker/src/components/ShoppingListView.jsx","statementMap":{"0":{"start":{"line":4,"column":25},"end":{"line":74,"column":1}},"1":{"start":{"line":5,"column":26},"end":{"line":5,"column":85}},"2":{"start":{"line":6,"column":32},"end":{"line":6,"column":46}},"3":{"start":{"line":7,"column":28},"end":{"line":7,"column":42}},"4":{"start":{"line":9,"column":2},"end":{"line":30,"column":9}},"5":{"start":{"line":10,"column":22},"end":{"line":27,"column":5}},"6":{"start":{"line":11,"column":6},"end":{"line":26,"column":7}},"7":{"start":{"line":12,"column":25},"end":{"line":16,"column":10}},"8":{"start":{"line":17,"column":8},"end":{"line":19,"column":9}},"9":{"start":{"line":18,"column":10},"end":{"line":18,"column":57}},"10":{"start":{"line":20,"column":21},"end":{"line":20,"column":42}},"11":{"start":{"line":21,"column":8},"end":{"line":21,"column":22}},"12":{"start":{"line":23,"column":8},"end":{"line":23,"column":30}},"13":{"start":{"line":25,"column":8},"end":{"line":25,"column":26}},"14":{"start":{"line":29,"column":4},"end":{"line":29,"column":16}},"15":{"start":{"line":32,"column":2},"end":{"line":34,"column":3}},"16":{"start":{"line":33,"column":4},"end":{"line":33,"column":47}},"17":{"start":{"line":36,"column":2},"end":{"line":43,"column":3}},"18":{"start":{"line":37,"column":4},"end":{"line":42,"column":6}},"19":{"start":{"line":45,"column":2},"end":{"line":47,"column":3}},"20":{"start":{"line":46,"column":4},"end":{"line":46,"column":53}},"21":{"start":{"line":49,"column":2},"end":{"line":73,"column":4}},"22":{"start":{"line":60,"column":10},"end":{"line":69,"column":15}}},"fnMap":{"0":{"name":"(anonymous_0)","decl":{"start":{"line":4,"column":25},"end":{"line":4,"column":26}},"loc":{"start":{"line":4,"column":31},"end":{"line":74,"column":1}},"line":4},"1":{"name":"(anonymous_1)","decl":{"start":{"line":9,"column":12},"end":{"line":9,"column":13}},"loc":{"start":{"line":9,"column":18},"end":{"line":30,"column":3}},"line":9},"2":{"name":"(anonymous_2)","decl":{"start":{"line":10,"column":22},"end":{"line":10,"column":23}},"loc":{"start":{"line":10,"column":34},"end":{"line":27,"column":5}},"line":10},"3":{"name":"(anonymous_3)","decl":{"start":{"line":59,"column":24},"end":{"line":59,"column":25}},"loc":{"start":{"line":60,"column":10},"end":{"line":69,"column":15}},"line":60}},"branchMap":{"0":{"loc":{"start":{"line":17,"column":8},"end":{"line":19,"column":9}},"type":"if","locations":[{"start":{"line":17,"column":8},"end":{"line":19,"column":9}},{"start":{},"end":{}}],"line":17},"1":{"loc":{"start":{"line":32,"column":2},"end":{"line":34,"column":3}},"type":"if","locations":[{"start":{"line":32,"column":2},"end":{"line":34,"column":3}},{"start":{},"end":{}}],"line":32},"2":{"loc":{"start":{"line":36,"column":2},"end":{"line":43,"column":3}},"type":"if","locations":[{"start":{"line":36,"column":2},"end":{"line":43,"column":3}},{"start":{},"end":{}}],"line":36},"3":{"loc":{"start":{"line":45,"column":2},"end":{"line":47,"column":3}},"type":"if","locations":[{"start":{"line":45,"column":2},"end":{"line":47,"column":3}},{"start":{},"end":{}}],"line":45}},"s":{"0":0,"1":0,"2":0,"3":0,"4":0,"5":0,"6":0,"7":0,"8":0,"9":0,"10":0,"11":0,"12":0,"13":0,"14":0,"15":0,"16":0,"17":0,"18":0,"19":0,"20":0,"21":0,"22":0},"f":{"0":0,"1":0,"2":0,"3":0},"b":{"0":[0,0],"1":[0,0],"2":[0,0],"3":[0,0]}}
}
