TN:
SF:src/admin.js
FNF:0
FNH:0
DA:4,0
DA:5,0
DA:6,0
LF:3
LH:0
BRDA:4,0,0,0
BRDA:4,0,1,0
BRF:2
BRH:0
end_of_record
TN:
SF:src/analytics.jsx
FNF:0
FNH:0
DA:5,0
DA:7,0
DA:8,0
DA:9,0
LF:4
LH:0
BRDA:7,0,0,0
BRDA:7,0,1,0
BRF:2
BRH:0
end_of_record
TN:
SF:src/app.js
FNF:0
FNH:0
DA:4,0
DA:5,0
DA:6,0
LF:3
LH:0
BRDA:4,0,0,0
BRDA:4,0,1,0
BRF:2
BRH:0
end_of_record
TN:
SF:src/frontend-app.jsx
FNF:0
FNH:0
DA:5,0
DA:7,0
DA:8,0
DA:9,0
LF:4
LH:0
BRDA:7,0,0,0
BRDA:7,0,1,0
BRF:2
BRH:0
end_of_record
TN:
SF:src/ocr-scanner.jsx
FNF:0
FNH:0
DA:5,0
DA:7,0
DA:8,0
DA:9,0
DA:10,0
LF:5
LH:0
BRDA:7,0,0,0
BRDA:7,0,1,0
BRDA:9,1,0,0
BRDA:9,1,1,0
BRF:4
BRH:0
end_of_record
TN:
SF:src/ocr.js
FN:3,loadTesseract
FN:20,extractItemSuggestions
FN:29,(anonymous_2)
FN:30,(anonymous_3)
FN:51,bindOcrToInput
FN:62,(anonymous_5)
FNF:6
FNH:3
FNDA:5,loadTesseract
FNDA:4,extractItemSuggestions
FNDA:0,(anonymous_2)
FNDA:0,(anonymous_3)
FNDA:1,bindOcrToInput
FNDA:0,(anonymous_5)
DA:4,5
DA:6,2
DA:8,2
DA:10,5
DA:21,4
DA:22,0
DA:23,0
DA:25,4
DA:26,4
DA:27,0
DA:28,0
DA:29,0
DA:30,0
DA:35,4
DA:37,4
DA:52,1
DA:53,0
DA:54,0
DA:57,1
DA:58,1
DA:59,1
DA:62,0
DA:63,0
DA:64,0
DA:65,0
DA:66,0
LF:26
LH:13
BRDA:4,0,0,2
BRDA:4,0,1,3
BRDA:6,1,0,1
BRDA:6,1,1,1
BRDA:6,2,0,2
BRDA:6,2,1,2
BRDA:20,3,0,4
BRDA:21,4,0,0
BRDA:21,4,1,4
BRDA:51,5,0,1
BRDA:52,6,0,0
BRDA:52,6,1,1
BRDA:57,7,0,1
BRDA:57,7,1,0
BRDA:57,8,0,1
BRDA:57,8,1,0
BRDA:64,9,0,0
BRDA:64,9,1,0
BRF:18
BRH:12
end_of_record
TN:
SF:src/shopping-list.jsx
FNF:0
FNH:0
DA:5,0
DA:7,0
DA:8,0
DA:9,0
LF:4
LH:0
BRDA:7,0,0,0
BRDA:7,0,1,0
BRF:2
BRH:0
end_of_record
TN:
SF:src/components/AnalyticsView.jsx
FN:6,(anonymous_0)
FN:11,(anonymous_1)
FN:12,(anonymous_2)
FN:31,(anonymous_3)
FN:37,(anonymous_4)
FN:37,(anonymous_5)
FN:42,(anonymous_6)
FN:46,(anonymous_7)
FN:51,(anonymous_8)
FN:56,(anonymous_9)
FN:62,(anonymous_10)
FN:64,(anonymous_11)
FN:67,(anonymous_12)
FN:88,(anonymous_13)
FN:94,(anonymous_14)
FN:100,(anonymous_15)
FN:115,(anonymous_16)
FNF:17
FNH:0
FNDA:0,(anonymous_0)
FNDA:0,(anonymous_1)
FNDA:0,(anonymous_2)
FNDA:0,(anonymous_3)
FNDA:0,(anonymous_4)
FNDA:0,(anonymous_5)
FNDA:0,(anonymous_6)
FNDA:0,(anonymous_7)
FNDA:0,(anonymous_8)
FNDA:0,(anonymous_9)
FNDA:0,(anonymous_10)
FNDA:0,(anonymous_11)
FNDA:0,(anonymous_12)
FNDA:0,(anonymous_13)
FNDA:0,(anonymous_14)
FNDA:0,(anonymous_15)
FNDA:0,(anonymous_16)
DA:6,0
DA:7,0
DA:8,0
DA:9,0
DA:11,0
DA:12,0
DA:13,0
DA:14,0
DA:18,0
DA:19,0
DA:20,0
DA:26,0
DA:30,0
DA:31,0
DA:36,0
DA:37,0
DA:41,0
DA:42,0
DA:46,0
DA:51,0
DA:56,0
DA:62,0
DA:63,0
DA:64,0
DA:67,0
DA:69,0
DA:70,0
DA:88,0
DA:91,0
DA:95,0
DA:96,0
DA:97,0
DA:100,0
DA:116,0
DA:142,0
DA:146,0
LF:36
LH:0
BRDA:6,0,0,0
BRDA:18,1,0,0
BRDA:18,1,1,0
BRDA:56,2,0,0
BRDA:56,2,1,0
BRDA:69,3,0,0
BRDA:69,3,1,0
BRDA:102,4,0,0
BRDA:102,4,1,0
BRDA:118,5,0,0
BRDA:118,5,1,0
BRDA:123,6,0,0
BRDA:123,6,1,0
BRDA:128,7,0,0
BRDA:128,7,1,0
BRDA:130,8,0,0
BRDA:130,8,1,0
BRF:17
BRH:0
end_of_record
TN:
SF:src/components/InventoryApp.jsx
FN:8,(anonymous_0)
FN:9,(anonymous_1)
FN:12,(anonymous_2)
FN:21,(anonymous_3)
FN:36,(anonymous_4)
FN:43,(anonymous_5)
FN:44,(anonymous_6)
FN:45,(anonymous_7)
FN:46,(anonymous_8)
FN:50,(anonymous_9)
FN:61,(anonymous_10)
FN:75,(anonymous_11)
FN:78,(anonymous_12)
FN:96,(anonymous_13)
FN:146,(anonymous_14)
FN:162,(anonymous_15)
FN:169,(anonymous_16)
FN:176,(anonymous_17)
FN:194,(anonymous_18)
FN:194,(anonymous_19)
FN:209,(anonymous_20)
FN:221,(anonymous_21)
FN:227,(anonymous_22)
FN:239,(anonymous_23)
FN:257,(anonymous_24)
FN:274,(anonymous_25)
FNF:26
FNH:0
FNDA:0,(anonymous_0)
FNDA:0,(anonymous_1)
FNDA:0,(anonymous_2)
FNDA:0,(anonymous_3)
FNDA:0,(anonymous_4)
FNDA:0,(anonymous_5)
FNDA:0,(anonymous_6)
FNDA:0,(anonymous_7)
FNDA:0,(anonymous_8)
FNDA:0,(anonymous_9)
FNDA:0,(anonymous_10)
FNDA:0,(anonymous_11)
FNDA:0,(anonymous_12)
FNDA:0,(anonymous_13)
FNDA:0,(anonymous_14)
FNDA:0,(anonymous_15)
FNDA:0,(anonymous_16)
FNDA:0,(anonymous_17)
FNDA:0,(anonymous_18)
FNDA:0,(anonymous_19)
FNDA:0,(anonymous_20)
FNDA:0,(anonymous_21)
FNDA:0,(anonymous_22)
FNDA:0,(anonymous_23)
FNDA:0,(anonymous_24)
FNDA:0,(anonymous_25)
DA:8,0
DA:9,0
DA:12,0
DA:13,0
DA:14,0
DA:15,0
DA:16,0
DA:17,0
DA:18,0
DA:21,0
DA:22,0
DA:23,0
DA:24,0
DA:27,0
DA:28,0
DA:30,0
DA:31,0
DA:33,0
DA:36,0
DA:37,0
DA:41,0
DA:43,0
DA:44,0
DA:45,0
DA:46,0
DA:50,0
DA:51,0
DA:53,0
DA:57,0
DA:61,0
DA:62,0
DA:76,0
DA:78,0
DA:96,0
DA:97,0
DA:147,0
DA:162,0
DA:169,0
DA:176,0
DA:194,0
DA:195,0
DA:209,0
DA:210,0
DA:221,0
DA:227,0
DA:239,0
DA:258,0
DA:274,0
DA:275,0
DA:277,0
DA:278,0
DA:304,0
DA:350,0
DA:351,0
DA:358,0
LF:55
LH:0
BRDA:28,0,0,0
BRDA:28,0,1,0
BRDA:43,1,0,0
BRDA:43,1,1,0
BRDA:44,2,0,0
BRDA:44,2,1,0
BRDA:53,3,0,0
BRDA:53,3,1,0
BRDA:53,3,2,0
BRDA:53,3,3,0
BRDA:53,3,4,0
BRDA:53,3,5,0
BRDA:53,3,6,0
BRDA:53,3,7,0
BRDA:54,4,0,0
BRDA:54,4,1,0
BRDA:56,5,0,0
BRDA:56,5,1,0
BRDA:57,6,0,0
BRDA:57,6,1,0
BRDA:80,7,0,0
BRDA:80,7,1,0
BRDA:152,8,0,0
BRDA:152,8,1,0
BRDA:187,9,0,0
BRDA:187,9,1,0
BRDA:194,10,0,0
BRDA:194,10,1,0
BRDA:198,11,0,0
BRDA:198,11,1,0
BRDA:239,12,0,0
BRDA:239,12,1,0
BRDA:242,13,0,0
BRDA:242,13,1,0
BRDA:253,14,0,0
BRDA:253,14,1,0
BRDA:262,15,0,0
BRDA:262,15,1,0
BRDA:275,16,0,0
BRDA:275,16,1,0
BRDA:277,17,0,0
BRDA:277,17,1,0
BRDA:282,18,0,0
BRDA:282,18,1,0
BRDA:285,19,0,0
BRDA:285,19,1,0
BRDA:307,20,0,0
BRDA:307,20,1,0
BRDA:325,21,0,0
BRDA:325,21,1,0
BRDA:334,22,0,0
BRDA:334,22,1,0
BRDA:340,23,0,0
BRDA:340,23,1,0
BRDA:350,24,0,0
BRDA:350,24,1,0
BRDA:363,25,0,0
BRDA:363,25,1,0
BRDA:364,26,0,0
BRDA:364,26,1,0
BRDA:365,27,0,0
BRDA:365,27,1,0
BRDA:366,28,0,0
BRDA:366,28,1,0
BRF:64
BRH:0
end_of_record
TN:
SF:src/components/OCRScannerView.jsx
FN:8,(anonymous_0)
FN:27,(anonymous_1)
FN:46,(anonymous_2)
FN:50,(anonymous_3)
FN:56,(anonymous_4)
FN:66,(anonymous_5)
FN:74,(anonymous_6)
FN:79,(anonymous_7)
FN:87,(anonymous_8)
FN:99,(anonymous_9)
FN:128,(anonymous_10)
FN:129,(anonymous_11)
FN:135,(anonymous_12)
FN:171,(anonymous_13)
FN:173,(anonymous_14)
FN:180,(anonymous_15)
FN:197,(anonymous_16)
FN:197,(anonymous_17)
FN:205,(anonymous_18)
FN:228,(anonymous_19)
FN:244,(anonymous_20)
FN:244,(anonymous_21)
FN:262,(anonymous_22)
FN:262,(anonymous_23)
FN:313,(anonymous_24)
FN:330,(anonymous_25)
FN:355,(anonymous_26)
FN:371,(anonymous_27)
FN:446,(anonymous_28)
FN:487,(anonymous_29)
FN:497,(anonymous_30)
FN:497,(anonymous_31)
FN:497,(anonymous_32)
FN:511,(anonymous_33)
FN:512,(anonymous_34)
FN:551,(anonymous_35)
FN:564,(anonymous_36)
FNF:37
FNH:0
FNDA:0,(anonymous_0)
FNDA:0,(anonymous_1)
FNDA:0,(anonymous_2)
FNDA:0,(anonymous_3)
FNDA:0,(anonymous_4)
FNDA:0,(anonymous_5)
FNDA:0,(anonymous_6)
FNDA:0,(anonymous_7)
FNDA:0,(anonymous_8)
FNDA:0,(anonymous_9)
FNDA:0,(anonymous_10)
FNDA:0,(anonymous_11)
FNDA:0,(anonymous_12)
FNDA:0,(anonymous_13)
FNDA:0,(anonymous_14)
FNDA:0,(anonymous_15)
FNDA:0,(anonymous_16)
FNDA:0,(anonymous_17)
FNDA:0,(anonymous_18)
FNDA:0,(anonymous_19)
FNDA:0,(anonymous_20)
FNDA:0,(anonymous_21)
FNDA:0,(anonymous_22)
FNDA:0,(anonymous_23)
FNDA:0,(anonymous_24)
FNDA:0,(anonymous_25)
FNDA:0,(anonymous_26)
FNDA:0,(anonymous_27)
FNDA:0,(anonymous_28)
FNDA:0,(anonymous_29)
FNDA:0,(anonymous_30)
FNDA:0,(anonymous_31)
FNDA:0,(anonymous_32)
FNDA:0,(anonymous_33)
FNDA:0,(anonymous_34)
FNDA:0,(anonymous_35)
FNDA:0,(anonymous_36)
DA:8,0
DA:9,0
DA:10,0
DA:11,0
DA:12,0
DA:13,0
DA:14,0
DA:22,0
DA:23,0
DA:24,0
DA:27,0
DA:28,0
DA:29,0
DA:36,0
DA:37,0
DA:40,0
DA:41,0
DA:46,0
DA:47,0
DA:48,0
DA:49,0
DA:50,0
DA:51,0
DA:56,0
DA:57,0
DA:58,0
DA:60,0
DA:61,0
DA:62,0
DA:63,0
DA:64,0
DA:66,0
DA:67,0
DA:68,0
DA:74,0
DA:75,0
DA:76,0
DA:78,0
DA:79,0
DA:80,0
DA:82,0
DA:87,0
DA:88,0
DA:89,0
DA:90,0
DA:92,0
DA:94,0
DA:96,0
DA:98,0
DA:100,0
DA:101,0
DA:103,0
DA:108,0
DA:111,0
DA:112,0
DA:115,0
DA:122,0
DA:124,0
DA:127,0
DA:128,0
DA:129,0
DA:135,0
DA:137,0
DA:138,0
DA:139,0
DA:141,0
DA:142,0
DA:146,0
DA:147,0
DA:150,0
DA:151,0
DA:152,0
DA:153,0
DA:154,0
DA:156,0
DA:160,0
DA:166,0
DA:171,0
DA:172,0
DA:173,0
DA:174,0
DA:180,0
DA:181,0
DA:182,0
DA:195,0
DA:197,0
DA:200,0
DA:205,0
DA:206,0
DA:208,0
DA:228,0
DA:244,0
DA:262,0
DA:295,0
DA:300,0
DA:301,0
DA:303,0
DA:313,0
DA:331,0
DA:332,0
DA:355,0
DA:372,0
DA:373,0
DA:447,0
DA:449,0
DA:488,0
DA:489,0
DA:497,0
DA:512,0
DA:513,0
DA:514,0
DA:515,0
DA:551,0
DA:558,0
DA:563,0
LF:115
LH:0
BRDA:8,0,0,0
BRDA:36,1,0,0
BRDA:36,1,1,0
BRDA:47,2,0,0
BRDA:47,2,1,0
BRDA:60,3,0,0
BRDA:60,3,1,0
BRDA:60,4,0,0
BRDA:60,4,1,0
BRDA:76,5,0,0
BRDA:76,5,1,0
BRDA:76,6,0,0
BRDA:76,6,1,0
BRDA:100,7,0,0
BRDA:100,7,1,0
BRDA:141,8,0,0
BRDA:141,8,1,0
BRDA:151,9,0,0
BRDA:151,9,1,0
BRDA:153,10,0,0
BRDA:153,10,1,0
BRDA:174,11,0,0
BRDA:174,11,1,0
BRDA:180,12,0,0
BRDA:195,13,0,0
BRDA:195,13,1,0
BRDA:206,14,0,0
BRDA:206,14,1,0
BRDA:365,15,0,0
BRDA:365,15,1,0
BRDA:403,16,0,0
BRDA:403,16,1,0
BRDA:417,17,0,0
BRDA:417,17,1,0
BRDA:433,18,0,0
BRDA:433,18,1,0
BRDA:460,19,0,0
BRDA:460,19,1,0
BRDA:462,20,0,0
BRDA:462,20,1,0
BRDA:468,21,0,0
BRDA:468,21,1,0
BRDA:489,22,0,0
BRDA:489,22,1,0
BRDA:508,23,0,0
BRDA:508,23,1,0
BRDA:514,24,0,0
BRDA:514,24,1,0
BRDA:514,25,0,0
BRDA:514,25,1,0
BRF:50
BRH:0
end_of_record
TN:
SF:src/components/ShoppingListView.jsx
FN:4,(anonymous_0)
FN:9,(anonymous_1)
FN:10,(anonymous_2)
FN:59,(anonymous_3)
FNF:4
FNH:0
FNDA:0,(anonymous_0)
FNDA:0,(anonymous_1)
FNDA:0,(anonymous_2)
FNDA:0,(anonymous_3)
DA:4,0
DA:5,0
DA:6,0
DA:7,0
DA:9,0
DA:10,0
DA:11,0
DA:12,0
DA:17,0
DA:18,0
DA:20,0
DA:21,0
DA:23,0
DA:25,0
DA:29,0
DA:32,0
DA:33,0
DA:36,0
DA:37,0
DA:45,0
DA:46,0
DA:49,0
DA:60,0
LF:23
LH:0
BRDA:17,0,0,0
BRDA:17,0,1,0
BRDA:32,1,0,0
BRDA:32,1,1,0
BRDA:36,2,0,0
BRDA:36,2,1,0
BRDA:45,3,0,0
BRDA:45,3,1,0
BRF:8
BRH:0
end_of_record
